<?xml version="1.0" encoding="UTF-8"?>
<!-- Generated by org.testng.reporters.JUnitReportReporter -->
<testsuite name="com.course.cases.GetUserInfoTest" tests="1" time="2.060" ignored="0" failures="0" timestamp="09 Oct 2019 12:43:56 GMT" skipped="0" hostname="PC-20180525PVAQ" errors="0">
  <testcase name="getUserInfo" time="2.060" classname="com.course.cases.GetUserInfoTest"/>
</testsuite> <!-- com.course.cases.GetUserInfoTest -->
