<?xml version="1.0" encoding="UTF-8"?>
<!-- Generated by org.testng.reporters.JUnitReportReporter -->
<testsuite name="com.course.cases.LoginTest" tests="2" time="0.575" ignored="0" failures="0" timestamp="09 Oct 2019 12:43:56 GMT" skipped="0" hostname="PC-20180525PVAQ" errors="0">
  <testcase name="loginTrue" time="0.540" classname="com.course.cases.LoginTest"/>
  <testcase name="loginFalse" time="0.035" classname="com.course.cases.LoginTest"/>
</testsuite> <!-- com.course.cases.LoginTest -->
